<?xml version="1.0" encoding="UTF-8"?>
<testng-results ignored="0" total="1" passed="1" failed="0" skipped="0">
  <reporter-output>
  </reporter-output>
  <suite started-at="2025-08-11T17:21:27 IST" name="Default suite" finished-at="2025-08-11T17:22:14 IST" duration-ms="47247">
    <groups>
    </groups>
    <test started-at="2025-08-11T17:21:27 IST" name="Default test" finished-at="2025-08-11T17:22:14 IST" duration-ms="47247">
      <class name="testCase.TC_SignInData">
        <test-method is-config="true" signature="setUp()[pri:0, instance:testCase.TC_SignInData@59cba5a]" started-at="2025-08-11T17:21:27 IST" name="setUp" finished-at="2025-08-11T17:21:35 IST" duration-ms="8433" status="PASS">
          <reporter-output>
          </reporter-output>
        </test-method> <!-- setUp -->
        <test-method signature="verify_login_and_signout()[pri:0, instance:testCase.TC_SignInData@59cba5a]" started-at="2025-08-11T17:21:35 IST" name="verify_login_and_signout" finished-at="2025-08-11T17:22:13 IST" duration-ms="38120" status="PASS">
          <reporter-output>
          </reporter-output>
        </test-method> <!-- verify_login_and_signout -->
        <test-method is-config="true" signature="tearDown()[pri:0, instance:testCase.TC_SignInData@59cba5a]" started-at="2025-08-11T17:22:13 IST" name="tearDown" finished-at="2025-08-11T17:22:14 IST" duration-ms="633" status="PASS">
          <reporter-output>
          </reporter-output>
        </test-method> <!-- tearDown -->
      </class> <!-- testCase.TC_SignInData -->
    </test> <!-- Default test -->
  </suite> <!-- Default suite -->
</testng-results>
